# JRE version: Java(TM) SE Runtime Environment (8.0_201-b09) (build 1.8.0_201-b09)
# Java VM: Java HotSpot(TM) 64-Bit Server VM (25.201-b09 mixed mode windows-amd64 compressed oops)
Heap:
 PSYoungGen      total 272896K, used 179341K [0x00000000d5f80000, 0x00000000eb300000, 0x0000000100000000)
  eden space 263680K, 64% used [0x00000000d5f80000,0x00000000e05a5da0,0x00000000e6100000)
  from space 9216K, 99% used [0x00000000eaa00000,0x00000000eb2fda08,0x00000000eb300000)
  to   space 9216K, 0% used [0x00000000e6100000,0x00000000e6100000,0x00000000e6a00000)
 ParOldGen       total 59904K, used 8622K [0x0000000081e00000, 0x0000000085880000, 0x00000000d5f80000)
  object space 59904K, 14% used [0x0000000081e00000,0x000000008266bbf0,0x0000000085880000)
 Metaspace       used 31995K, capacity 33146K, committed 33408K, reserved 1079296K
  class space    used 4159K, capacity 4401K, committed 4480K, reserved 1048576K
GC Heap History (10 events):
Event: 3.807 GC heap before
{Heap before GC invocations=7 (full 0):
 PSYoungGen      total 270336K, used 38791K [0x00000000d5f80000, 0x00000000e7580000, 0x0000000100000000)
  eden space 263680K, 12% used [0x00000000d5f80000,0x00000000d7ee6f28,0x00000000e6100000)
  from space 6656K, 99% used [0x00000000e6a00000,0x00000000e707ae60,0x00000000e7080000)
  to   space 9216K, 0% used [0x00000000e6100000,0x00000000e6100000,0x00000000e6a00000)
 ParOldGen       total 87552K, used 3926K [0x0000000081e00000, 0x0000000087380000, 0x00000000d5f80000)
  object space 87552K, 4% used [0x0000000081e00000,0x00000000821d58d0,0x0000000087380000)
 Metaspace       used 20551K, capacity 21132K, committed 21248K, reserved 1067008K
  class space    used 2602K, capacity 2760K, committed 2816K, reserved 1048576K
Event: 3.817 GC heap after
Heap after GC invocations=7 (full 0):
 PSYoungGen      total 272896K, used 5925K [0x00000000d5f80000, 0x00000000e7580000, 0x0000000100000000)
  eden space 263680K, 0% used [0x00000000d5f80000,0x00000000d5f80000,0x00000000e6100000)
  from space 9216K, 64% used [0x00000000e6100000,0x00000000e66c94b8,0x00000000e6a00000)
  to   space 6656K, 0% used [0x00000000e6a00000,0x00000000e6a00000,0x00000000e7080000)
 ParOldGen       total 87552K, used 6236K [0x0000000081e00000, 0x0000000087380000, 0x00000000d5f80000)
  object space 87552K, 7% used [0x0000000081e00000,0x0000000082417108,0x0000000087380000)
 Metaspace       used 20551K, capacity 21132K, committed 21248K, reserved 1067008K
  class space    used 2602K, capacity 2760K, committed 2816K, reserved 1048576K
}
Event: 3.817 GC heap before
{Heap before GC invocations=8 (full 1):
 PSYoungGen      total 272896K, used 5925K [0x00000000d5f80000, 0x00000000e7580000, 0x0000000100000000)
  eden space 263680K, 0% used [0x00000000d5f80000,0x00000000d5f80000,0x00000000e6100000)
  from space 9216K, 64% used [0x00000000e6100000,0x00000000e66c94b8,0x00000000e6a00000)
  to   space 6656K, 0% used [0x00000000e6a00000,0x00000000e6a00000,0x00000000e7080000)
 ParOldGen       total 87552K, used 6236K [0x0000000081e00000, 0x0000000087380000, 0x00000000d5f80000)
  object space 87552K, 7% used [0x0000000081e00000,0x0000000082417108,0x0000000087380000)
 Metaspace       used 20551K, capacity 21132K, committed 21248K, reserved 1067008K
  class space    used 2602K, capacity 2760K, committed 2816K, reserved 1048576K
Event: 3.866 GC heap after
Heap after GC invocations=8 (full 1):
 PSYoungGen      total 272896K, used 0K [0x00000000d5f80000, 0x00000000e7580000, 0x0000000100000000)
  eden space 263680K, 0% used [0x00000000d5f80000,0x00000000d5f80000,0x00000000e6100000)
  from space 9216K, 0% used [0x00000000e6100000,0x00000000e6100000,0x00000000e6a00000)
  to   space 6656K, 0% used [0x00000000e6a00000,0x00000000e6a00000,0x00000000e7080000)
 ParOldGen       total 59904K, used 7960K [0x0000000081e00000, 0x0000000085880000, 0x00000000d5f80000)
  object space 59904K, 13% used [0x0000000081e00000,0x00000000825c60c0,0x0000000085880000)
 Metaspace       used 20551K, capacity 21132K, committed 21248K, reserved 1067008K
  class space    used 2602K, capacity 2760K, committed 2816K, reserved 1048576K
}
Event: 5.657 GC heap before
{Heap before GC invocations=9 (full 1):
 PSYoungGen      total 272896K, used 263680K [0x00000000d5f80000, 0x00000000e7580000, 0x0000000100000000)
  eden space 263680K, 100% used [0x00000000d5f80000,0x00000000e6100000,0x00000000e6100000)
  from space 9216K, 0% used [0x00000000e6100000,0x00000000e6100000,0x00000000e6a00000)
  to   space 6656K, 0% used [0x00000000e6a00000,0x00000000e6a00000,0x00000000e7080000)
 ParOldGen       total 59904K, used 7960K [0x0000000081e00000, 0x0000000085880000, 0x00000000d5f80000)
  object space 59904K, 13% used [0x0000000081e00000,0x00000000825c60c0,0x0000000085880000)
 Metaspace       used 25041K, capacity 25918K, committed 25984K, reserved 1071104K
  class space    used 3251K, capacity 3443K, committed 3456K, reserved 1048576K
Event: 6.160 GC heap after
Heap after GC invocations=9 (full 1):
 PSYoungGen      total 270336K, used 6389K [0x00000000d5f80000, 0x00000000e7580000, 0x0000000100000000)
  eden space 263680K, 0% used [0x00000000d5f80000,0x00000000d5f80000,0x00000000e6100000)
  from space 6656K, 95% used [0x00000000e6a00000,0x00000000e703d5d0,0x00000000e7080000)
  to   space 9216K, 0% used [0x00000000e6100000,0x00000000e6100000,0x00000000e6a00000)
 ParOldGen       total 59904K, used 7968K [0x0000000081e00000, 0x0000000085880000, 0x00000000d5f80000)
  object space 59904K, 13% used [0x0000000081e00000,0x00000000825c80c0,0x0000000085880000)
 Metaspace       used 25041K, capacity 25918K, committed 25984K, reserved 1071104K
  class space    used 3251K, capacity 3443K, committed 3456K, reserved 1048576K
}
Event: 7.739 GC heap before
{Heap before GC invocations=10 (full 1):
 PSYoungGen      total 270336K, used 270069K [0x00000000d5f80000, 0x00000000e7580000, 0x0000000100000000)
  eden space 263680K, 100% used [0x00000000d5f80000,0x00000000e6100000,0x00000000e6100000)
  from space 6656K, 95% used [0x00000000e6a00000,0x00000000e703d5d0,0x00000000e7080000)
  to   space 9216K, 0% used [0x00000000e6100000,0x00000000e6100000,0x00000000e6a00000)
 ParOldGen       total 59904K, used 7968K [0x0000000081e00000, 0x0000000085880000, 0x00000000d5f80000)
  object space 59904K, 13% used [0x0000000081e00000,0x00000000825c80c0,0x0000000085880000)
 Metaspace       used 27112K, capacity 28084K, committed 28416K, reserved 1073152K
  class space    used 3540K, capacity 3748K, committed 3840K, reserved 1048576K
Event: 7.745 GC heap after
Heap after GC invocations=10 (full 1):
 PSYoungGen      total 272896K, used 6259K [0x00000000d5f80000, 0x00000000eb300000, 0x0000000100000000)
  eden space 263680K, 0% used [0x00000000d5f80000,0x00000000d5f80000,0x00000000e6100000)
  from space 9216K, 67% used [0x00000000e6100000,0x00000000e671cee8,0x00000000e6a00000)
  to   space 9216K, 0% used [0x00000000eaa00000,0x00000000eaa00000,0x00000000eb300000)
 ParOldGen       total 59904K, used 7976K [0x0000000081e00000, 0x0000000085880000, 0x00000000d5f80000)
  object space 59904K, 13% used [0x0000000081e00000,0x00000000825ca0c0,0x0000000085880000)
 Metaspace       used 27112K, capacity 28084K, committed 28416K, reserved 1073152K
  class space    used 3540K, capacity 3748K, committed 3840K, reserved 1048576K
}
Event: 8.712 GC heap before
{Heap before GC invocations=11 (full 1):
 PSYoungGen      total 272896K, used 269939K [0x00000000d5f80000, 0x00000000eb300000, 0x0000000100000000)
  eden space 263680K, 100% used [0x00000000d5f80000,0x00000000e6100000,0x00000000e6100000)
  from space 9216K, 67% used [0x00000000e6100000,0x00000000e671cee8,0x00000000e6a00000)
  to   space 9216K, 0% used [0x00000000eaa00000,0x00000000eaa00000,0x00000000eb300000)
 ParOldGen       total 59904K, used 7976K [0x0000000081e00000, 0x0000000085880000, 0x00000000d5f80000)
  object space 59904K, 13% used [0x0000000081e00000,0x00000000825ca0c0,0x0000000085880000)
 Metaspace       used 28908K, capacity 29976K, committed 30208K, reserved 1075200K
  class space    used 3755K, capacity 3992K, committed 4096K, reserved 1048576K
Event: 8.732 GC heap after
Heap after GC invocations=11 (full 1):
 PSYoungGen      total 272896K, used 9206K [0x00000000d5f80000, 0x00000000eb300000, 0x0000000100000000)
  eden space 263680K, 0% used [0x00000000d5f80000,0x00000000d5f80000,0x00000000e6100000)
  from space 9216K, 99% used [0x00000000eaa00000,0x00000000eb2fda08,0x00000000eb300000)
  to   space 9216K, 0% used [0x00000000e6100000,0x00000000e6100000,0x00000000e6a00000)
 ParOldGen       total 59904K, used 8622K [0x0000000081e00000, 0x0000000085880000, 0x00000000d5f80000)
  object space 59904K, 14% used [0x0000000081e00000,0x000000008266bbf0,0x0000000085880000)
 Metaspace       used 28908K, capacity 29976K, committed 30208K, reserved 1075200K
  class space    used 3755K, capacity 3992K, committed 4096K, reserved 1048576K
}

