# JRE version: Java(TM) SE Runtime Environment (8.0_201-b09) (build 1.8.0_201-b09)
# Java VM: Java HotSpot(TM) 64-Bit Server VM (25.201-b09 mixed mode windows-amd64 compressed oops)
Heap:
 PSYoungGen      total 345088K, used 266626K [0x00000000d5f80000, 0x00000000ebf80000, 0x0000000100000000)
  eden space 336384K, 76% used [0x00000000d5f80000,0x00000000e5b61d80,0x00000000ea800000)
  from space 8704K, 99% used [0x00000000eae80000,0x00000000eb6fec48,0x00000000eb700000)
  to   space 6144K, 0% used [0x00000000eb980000,0x00000000eb980000,0x00000000ebf80000)
 ParOldGen       total 61440K, used 12824K [0x0000000081e00000, 0x0000000085a00000, 0x00000000d5f80000)
  object space 61440K, 20% used [0x0000000081e00000,0x0000000082a86398,0x0000000085a00000)
 Metaspace       used 33372K, capacity 34824K, committed 34944K, reserved 1079296K
  class space    used 4352K, capacity 4650K, committed 4736K, reserved 1048576K
GC Heap History (10 events):
Event: 2.438 GC heap before
{Heap before GC invocations=8 (full 0):
 PSYoungGen      total 137216K, used 102116K [0x00000000d5f80000, 0x00000000e7080000, 0x0000000100000000)
  eden space 132608K, 73% used [0x00000000d5f80000,0x00000000dbebf9a0,0x00000000de100000)
  from space 4608K, 99% used [0x00000000de100000,0x00000000de579758,0x00000000de580000)
  to   space 7168K, 0% used [0x00000000e6980000,0x00000000e6980000,0x00000000e7080000)
 ParOldGen       total 87552K, used 3627K [0x0000000081e00000, 0x0000000087380000, 0x00000000d5f80000)
  object space 87552K, 4% used [0x0000000081e00000,0x000000008218ad18,0x0000000087380000)
 Metaspace       used 20563K, capacity 21136K, committed 21248K, reserved 1067008K
  class space    used 2612K, capacity 2760K, committed 2816K, reserved 1048576K
Event: 2.447 GC heap after
Heap after GC invocations=8 (full 0):
 PSYoungGen      total 270848K, used 7167K [0x00000000d5f80000, 0x00000000e7380000, 0x0000000100000000)
  eden space 263680K, 0% used [0x00000000d5f80000,0x00000000d5f80000,0x00000000e6100000)
  from space 7168K, 99% used [0x00000000e6980000,0x00000000e707fec0,0x00000000e7080000)
  to   space 8704K, 0% used [0x00000000e6100000,0x00000000e6100000,0x00000000e6980000)
 ParOldGen       total 87552K, used 5133K [0x0000000081e00000, 0x0000000087380000, 0x00000000d5f80000)
  object space 87552K, 5% used [0x0000000081e00000,0x00000000823034c0,0x0000000087380000)
 Metaspace       used 20563K, capacity 21136K, committed 21248K, reserved 1067008K
  class space    used 2612K, capacity 2760K, committed 2816K, reserved 1048576K
}
Event: 2.447 GC heap before
{Heap before GC invocations=9 (full 1):
 PSYoungGen      total 270848K, used 7167K [0x00000000d5f80000, 0x00000000e7380000, 0x0000000100000000)
  eden space 263680K, 0% used [0x00000000d5f80000,0x00000000d5f80000,0x00000000e6100000)
  from space 7168K, 99% used [0x00000000e6980000,0x00000000e707fec0,0x00000000e7080000)
  to   space 8704K, 0% used [0x00000000e6100000,0x00000000e6100000,0x00000000e6980000)
 ParOldGen       total 87552K, used 5133K [0x0000000081e00000, 0x0000000087380000, 0x00000000d5f80000)
  object space 87552K, 5% used [0x0000000081e00000,0x00000000823034c0,0x0000000087380000)
 Metaspace       used 20563K, capacity 21136K, committed 21248K, reserved 1067008K
  class space    used 2612K, capacity 2760K, committed 2816K, reserved 1048576K
Event: 2.493 GC heap after
Heap after GC invocations=9 (full 1):
 PSYoungGen      total 270848K, used 0K [0x00000000d5f80000, 0x00000000e7380000, 0x0000000100000000)
  eden space 263680K, 0% used [0x00000000d5f80000,0x00000000d5f80000,0x00000000e6100000)
  from space 7168K, 0% used [0x00000000e6980000,0x00000000e6980000,0x00000000e7080000)
  to   space 8704K, 0% used [0x00000000e6100000,0x00000000e6100000,0x00000000e6980000)
 ParOldGen       total 61440K, used 10410K [0x0000000081e00000, 0x0000000085a00000, 0x00000000d5f80000)
  object space 61440K, 16% used [0x0000000081e00000,0x000000008282a980,0x0000000085a00000)
 Metaspace       used 20563K, capacity 21136K, committed 21248K, reserved 1067008K
  class space    used 2612K, capacity 2760K, committed 2816K, reserved 1048576K
}
Event: 3.617 GC heap before
{Heap before GC invocations=10 (full 1):
 PSYoungGen      total 270848K, used 263680K [0x00000000d5f80000, 0x00000000e7380000, 0x0000000100000000)
  eden space 263680K, 100% used [0x00000000d5f80000,0x00000000e6100000,0x00000000e6100000)
  from space 7168K, 0% used [0x00000000e6980000,0x00000000e6980000,0x00000000e7080000)
  to   space 8704K, 0% used [0x00000000e6100000,0x00000000e6100000,0x00000000e6980000)
 ParOldGen       total 61440K, used 10410K [0x0000000081e00000, 0x0000000085a00000, 0x00000000d5f80000)
  object space 61440K, 16% used [0x0000000081e00000,0x000000008282a980,0x0000000085a00000)
 Metaspace       used 25033K, capacity 25854K, committed 25984K, reserved 1071104K
  class space    used 3260K, capacity 3443K, committed 3456K, reserved 1048576K
Event: 3.630 GC heap after
Heap after GC invocations=10 (full 1):
 PSYoungGen      total 272384K, used 5902K [0x00000000d5f80000, 0x00000000ec200000, 0x0000000100000000)
  eden space 263680K, 0% used [0x00000000d5f80000,0x00000000d5f80000,0x00000000e6100000)
  from space 8704K, 67% used [0x00000000e6100000,0x00000000e66c3808,0x00000000e6980000)
  to   space 8704K, 0% used [0x00000000eb980000,0x00000000eb980000,0x00000000ec200000)
 ParOldGen       total 61440K, used 10418K [0x0000000081e00000, 0x0000000085a00000, 0x00000000d5f80000)
  object space 61440K, 16% used [0x0000000081e00000,0x000000008282c980,0x0000000085a00000)
 Metaspace       used 25033K, capacity 25854K, committed 25984K, reserved 1071104K
  class space    used 3260K, capacity 3443K, committed 3456K, reserved 1048576K
}
Event: 5.285 GC heap before
{Heap before GC invocations=11 (full 1):
 PSYoungGen      total 272384K, used 269582K [0x00000000d5f80000, 0x00000000ec200000, 0x0000000100000000)
  eden space 263680K, 100% used [0x00000000d5f80000,0x00000000e6100000,0x00000000e6100000)
  from space 8704K, 67% used [0x00000000e6100000,0x00000000e66c3808,0x00000000e6980000)
  to   space 8704K, 0% used [0x00000000eb980000,0x00000000eb980000,0x00000000ec200000)
 ParOldGen       total 61440K, used 10418K [0x0000000081e00000, 0x0000000085a00000, 0x00000000d5f80000)
  object space 61440K, 16% used [0x0000000081e00000,0x000000008282c980,0x0000000085a00000)
 Metaspace       used 27116K, capacity 28052K, committed 28160K, reserved 1073152K
  class space    used 3548K, capacity 3780K, committed 3840K, reserved 1048576K
Event: 5.290 GC heap after
Heap after GC invocations=11 (full 1):
 PSYoungGen      total 342528K, used 5778K [0x00000000d5f80000, 0x00000000ebf80000, 0x0000000100000000)
  eden space 336384K, 0% used [0x00000000d5f80000,0x00000000d5f80000,0x00000000ea800000)
  from space 6144K, 94% used [0x00000000eb980000,0x00000000ebf248b8,0x00000000ebf80000)
  to   space 8704K, 0% used [0x00000000eae80000,0x00000000eae80000,0x00000000eb700000)
 ParOldGen       total 61440K, used 10426K [0x0000000081e00000, 0x0000000085a00000, 0x00000000d5f80000)
  object space 61440K, 16% used [0x0000000081e00000,0x000000008282e980,0x0000000085a00000)
 Metaspace       used 27116K, capacity 28052K, committed 28160K, reserved 1073152K
  class space    used 3548K, capacity 3780K, committed 3840K, reserved 1048576K
}
Event: 6.527 GC heap before
{Heap before GC invocations=12 (full 1):
 PSYoungGen      total 342528K, used 342162K [0x00000000d5f80000, 0x00000000ebf80000, 0x0000000100000000)
  eden space 336384K, 100% used [0x00000000d5f80000,0x00000000ea800000,0x00000000ea800000)
  from space 6144K, 94% used [0x00000000eb980000,0x00000000ebf248b8,0x00000000ebf80000)
  to   space 8704K, 0% used [0x00000000eae80000,0x00000000eae80000,0x00000000eb700000)
 ParOldGen       total 61440K, used 10426K [0x0000000081e00000, 0x0000000085a00000, 0x00000000d5f80000)
  object space 61440K, 16% used [0x0000000081e00000,0x000000008282e980,0x0000000085a00000)
 Metaspace       used 29854K, capacity 30988K, committed 31104K, reserved 1077248K
  class space    used 3918K, capacity 4164K, committed 4224K, reserved 1048576K
Event: 6.541 GC heap after
Heap after GC invocations=12 (full 1):
 PSYoungGen      total 345088K, used 8699K [0x00000000d5f80000, 0x00000000ebf80000, 0x0000000100000000)
  eden space 336384K, 0% used [0x00000000d5f80000,0x00000000d5f80000,0x00000000ea800000)
  from space 8704K, 99% used [0x00000000eae80000,0x00000000eb6fec48,0x00000000eb700000)
  to   space 6144K, 0% used [0x00000000eb980000,0x00000000eb980000,0x00000000ebf80000)
 ParOldGen       total 61440K, used 12824K [0x0000000081e00000, 0x0000000085a00000, 0x00000000d5f80000)
  object space 61440K, 20% used [0x0000000081e00000,0x0000000082a86398,0x0000000085a00000)
 Metaspace       used 29854K, capacity 30988K, committed 31104K, reserved 1077248K
  class space    used 3918K, capacity 4164K, committed 4224K, reserved 1048576K
}

